<?xml version="1.0" encoding="UTF-8"?>
<testsuite xmlns:xsi="http://www.w3.org/2001/XMLSchema-instance" xsi:noNamespaceSchemaLocation="https://maven.apache.org/surefire/maven-surefire-plugin/xsd/surefire-test-report.xsd" name="com.milletmall.milletware.MilletWareApplicationTests" time="0.041" tests="1" errors="0" skipped="0" failures="0">
  <properties>
    <property name="sun.desktop" value="windows"/>
    <property name="awt.toolkit" value="sun.awt.windows.WToolkit"/>
    <property name="file.encoding.pkg" value="sun.io"/>
    <property name="java.specification.version" value="1.8"/>
    <property name="sun.cpu.isalist" value="amd64"/>
    <property name="sun.jnu.encoding" value="GBK"/>
    <property name="java.class.path" value="D:\A-millet\millet-ware\target\test-classes;D:\A-millet\millet-ware\target\classes;D:\IDEA\my-idea-repository\org\springframework\boot\spring-boot-starter-web\2.1.8.RELEASE\spring-boot-starter-web-2.1.8.RELEASE.jar;D:\IDEA\my-idea-repository\org\springframework\boot\spring-boot-starter\2.1.8.RELEASE\spring-boot-starter-2.1.8.RELEASE.jar;D:\IDEA\my-idea-repository\org\springframework\boot\spring-boot\2.1.8.RELEASE\spring-boot-2.1.8.RELEASE.jar;D:\IDEA\my-idea-repository\org\springframework\boot\spring-boot-autoconfigure\2.1.8.RELEASE\spring-boot-autoconfigure-2.1.8.RELEASE.jar;D:\IDEA\my-idea-repository\org\springframework\boot\spring-boot-starter-logging\2.1.8.RELEASE\spring-boot-starter-logging-2.1.8.RELEASE.jar;D:\IDEA\my-idea-repository\ch\qos\logback\logback-classic\1.2.3\logback-classic-1.2.3.jar;D:\IDEA\my-idea-repository\ch\qos\logback\logback-core\1.2.3\logback-core-1.2.3.jar;D:\IDEA\my-idea-repository\org\apache\logging\log4j\log4j-to-slf4j\2.11.2\log4j-to-slf4j-2.11.2.jar;D:\IDEA\my-idea-repository\org\apache\logging\log4j\log4j-api\2.11.2\log4j-api-2.11.2.jar;D:\IDEA\my-idea-repository\org\slf4j\jul-to-slf4j\1.7.28\jul-to-slf4j-1.7.28.jar;D:\IDEA\my-idea-repository\javax\annotation\javax.annotation-api\1.3.2\javax.annotation-api-1.3.2.jar;D:\IDEA\my-idea-repository\org\yaml\snakeyaml\1.23\snakeyaml-1.23.jar;D:\IDEA\my-idea-repository\org\springframework\boot\spring-boot-starter-json\2.1.8.RELEASE\spring-boot-starter-json-2.1.8.RELEASE.jar;D:\IDEA\my-idea-repository\com\fasterxml\jackson\core\jackson-databind\2.9.9.3\jackson-databind-2.9.9.3.jar;D:\IDEA\my-idea-repository\com\fasterxml\jackson\core\jackson-annotations\2.9.0\jackson-annotations-2.9.0.jar;D:\IDEA\my-idea-repository\com\fasterxml\jackson\core\jackson-core\2.9.9\jackson-core-2.9.9.jar;D:\IDEA\my-idea-repository\com\fasterxml\jackson\datatype\jackson-datatype-jdk8\2.9.9\jackson-datatype-jdk8-2.9.9.jar;D:\IDEA\my-idea-repository\com\fasterxml\jackson\datatype\jackson-datatype-jsr310\2.9.9\jackson-datatype-jsr310-2.9.9.jar;D:\IDEA\my-idea-repository\com\fasterxml\jackson\module\jackson-module-parameter-names\2.9.9\jackson-module-parameter-names-2.9.9.jar;D:\IDEA\my-idea-repository\org\springframework\boot\spring-boot-starter-tomcat\2.1.8.RELEASE\spring-boot-starter-tomcat-2.1.8.RELEASE.jar;D:\IDEA\my-idea-repository\org\apache\tomcat\embed\tomcat-embed-core\9.0.24\tomcat-embed-core-9.0.24.jar;D:\IDEA\my-idea-repository\org\apache\tomcat\embed\tomcat-embed-el\9.0.24\tomcat-embed-el-9.0.24.jar;D:\IDEA\my-idea-repository\org\apache\tomcat\embed\tomcat-embed-websocket\9.0.24\tomcat-embed-websocket-9.0.24.jar;D:\IDEA\my-idea-repository\org\hibernate\validator\hibernate-validator\6.0.17.Final\hibernate-validator-6.0.17.Final.jar;D:\IDEA\my-idea-repository\org\jboss\logging\jboss-logging\3.3.3.Final\jboss-logging-3.3.3.Final.jar;D:\IDEA\my-idea-repository\com\fasterxml\classmate\1.4.0\classmate-1.4.0.jar;D:\IDEA\my-idea-repository\org\springframework\spring-web\5.1.9.RELEASE\spring-web-5.1.9.RELEASE.jar;D:\IDEA\my-idea-repository\org\springframework\spring-beans\5.1.9.RELEASE\spring-beans-5.1.9.RELEASE.jar;D:\IDEA\my-idea-repository\org\springframework\spring-webmvc\5.1.9.RELEASE\spring-webmvc-5.1.9.RELEASE.jar;D:\IDEA\my-idea-repository\org\springframework\spring-aop\5.1.9.RELEASE\spring-aop-5.1.9.RELEASE.jar;D:\IDEA\my-idea-repository\org\springframework\spring-context\5.1.9.RELEASE\spring-context-5.1.9.RELEASE.jar;D:\IDEA\my-idea-repository\org\springframework\spring-expression\5.1.9.RELEASE\spring-expression-5.1.9.RELEASE.jar;D:\IDEA\my-idea-repository\org\springframework\cloud\spring-cloud-starter-openfeign\2.1.3.RELEASE\spring-cloud-starter-openfeign-2.1.3.RELEASE.jar;D:\IDEA\my-idea-repository\org\springframework\cloud\spring-cloud-starter\2.1.3.RELEASE\spring-cloud-starter-2.1.3.RELEASE.jar;D:\IDEA\my-idea-repository\org\springframework\cloud\spring-cloud-context\2.1.3.RELEASE\spring-cloud-context-2.1.3.RELEASE.jar;D:\IDEA\my-idea-repository\org\springframework\security\spring-security-rsa\1.0.7.RELEASE\spring-security-rsa-1.0.7.RELEASE.jar;D:\IDEA\my-idea-repository\org\bouncycastle\bcpkix-jdk15on\1.60\bcpkix-jdk15on-1.60.jar;D:\IDEA\my-idea-repository\org\bouncycastle\bcprov-jdk15on\1.60\bcprov-jdk15on-1.60.jar;D:\IDEA\my-idea-repository\org\springframework\cloud\spring-cloud-openfeign-core\2.1.3.RELEASE\spring-cloud-openfeign-core-2.1.3.RELEASE.jar;D:\IDEA\my-idea-repository\org\springframework\cloud\spring-cloud-netflix-ribbon\2.1.3.RELEASE\spring-cloud-netflix-ribbon-2.1.3.RELEASE.jar;D:\IDEA\my-idea-repository\org\springframework\cloud\spring-cloud-netflix-archaius\2.1.3.RELEASE\spring-cloud-netflix-archaius-2.1.3.RELEASE.jar;D:\IDEA\my-idea-repository\org\springframework\boot\spring-boot-starter-aop\2.1.8.RELEASE\spring-boot-starter-aop-2.1.8.RELEASE.jar;D:\IDEA\my-idea-repository\org\aspectj\aspectjweaver\1.9.4\aspectjweaver-1.9.4.jar;D:\IDEA\my-idea-repository\io\github\openfeign\form\feign-form-spring\3.8.0\feign-form-spring-3.8.0.jar;D:\IDEA\my-idea-repository\io\github\openfeign\form\feign-form\3.8.0\feign-form-3.8.0.jar;D:\IDEA\my-idea-repository\commons-fileupload\commons-fileupload\1.4\commons-fileupload-1.4.jar;D:\IDEA\my-idea-repository\commons-io\commons-io\2.2\commons-io-2.2.jar;D:\IDEA\my-idea-repository\org\springframework\cloud\spring-cloud-commons\2.1.3.RELEASE\spring-cloud-commons-2.1.3.RELEASE.jar;D:\IDEA\my-idea-repository\org\springframework\security\spring-security-crypto\5.1.6.RELEASE\spring-security-crypto-5.1.6.RELEASE.jar;D:\IDEA\my-idea-repository\io\github\openfeign\feign-core\10.2.3\feign-core-10.2.3.jar;D:\IDEA\my-idea-repository\io\github\openfeign\feign-slf4j\10.2.3\feign-slf4j-10.2.3.jar;D:\IDEA\my-idea-repository\org\slf4j\slf4j-api\1.7.28\slf4j-api-1.7.28.jar;D:\IDEA\my-idea-repository\io\github\openfeign\feign-hystrix\10.2.3\feign-hystrix-10.2.3.jar;D:\IDEA\my-idea-repository\com\netflix\archaius\archaius-core\0.7.6\archaius-core-0.7.6.jar;D:\IDEA\my-idea-repository\com\google\code\findbugs\jsr305\3.0.1\jsr305-3.0.1.jar;D:\IDEA\my-idea-repository\commons-configuration\commons-configuration\1.8\commons-configuration-1.8.jar;D:\IDEA\my-idea-repository\com\google\guava\guava\16.0\guava-16.0.jar;D:\IDEA\my-idea-repository\com\netflix\hystrix\hystrix-core\1.5.18\hystrix-core-1.5.18.jar;D:\IDEA\my-idea-repository\io\reactivex\rxjava\1.3.8\rxjava-1.3.8.jar;D:\IDEA\my-idea-repository\org\hdrhistogram\HdrHistogram\2.1.9\HdrHistogram-2.1.9.jar;D:\IDEA\my-idea-repository\com\milletmall\millet-common\0.0.1-SNAPSHOT\millet-common-0.0.1-SNAPSHOT.jar;D:\IDEA\my-idea-repository\org\springframework\boot\spring-boot-starter-actuator\2.1.8.RELEASE\spring-boot-starter-actuator-2.1.8.RELEASE.jar;D:\IDEA\my-idea-repository\org\springframework\boot\spring-boot-actuator-autoconfigure\2.1.8.RELEASE\spring-boot-actuator-autoconfigure-2.1.8.RELEASE.jar;D:\IDEA\my-idea-repository\org\springframework\boot\spring-boot-actuator\2.1.8.RELEASE\spring-boot-actuator-2.1.8.RELEASE.jar;D:\IDEA\my-idea-repository\io\micrometer\micrometer-core\1.1.6\micrometer-core-1.1.6.jar;D:\IDEA\my-idea-repository\org\latencyutils\LatencyUtils\2.0.3\LatencyUtils-2.0.3.jar;D:\IDEA\my-idea-repository\com\alibaba\fastjson\1.2.72\fastjson-1.2.72.jar;D:\IDEA\my-idea-repository\org\apache\httpcomponents\httpclient\4.5.9\httpclient-4.5.9.jar;D:\IDEA\my-idea-repository\commons-codec\commons-codec\1.11\commons-codec-1.11.jar;D:\IDEA\my-idea-repository\org\apache\httpcomponents\httpcore\4.4.12\httpcore-4.4.12.jar;D:\IDEA\my-idea-repository\commons-lang\commons-lang\2.6\commons-lang-2.6.jar;D:\IDEA\my-idea-repository\org\eclipse\jetty\jetty-util\9.4.19.v20190610\jetty-util-9.4.19.v20190610.jar;D:\IDEA\my-idea-repository\com\baomidou\mybatis-plus-boot-starter\3.2.0\mybatis-plus-boot-starter-3.2.0.jar;D:\IDEA\my-idea-repository\com\baomidou\mybatis-plus\3.2.0\mybatis-plus-3.2.0.jar;D:\IDEA\my-idea-repository\com\baomidou\mybatis-plus-extension\3.2.0\mybatis-plus-extension-3.2.0.jar;D:\IDEA\my-idea-repository\com\baomidou\mybatis-plus-core\3.2.0\mybatis-plus-core-3.2.0.jar;D:\IDEA\my-idea-repository\com\baomidou\mybatis-plus-annotation\3.2.0\mybatis-plus-annotation-3.2.0.jar;D:\IDEA\my-idea-repository\com\github\jsqlparser\jsqlparser\2.1\jsqlparser-2.1.jar;D:\IDEA\my-idea-repository\org\mybatis\mybatis\3.5.2\mybatis-3.5.2.jar;D:\IDEA\my-idea-repository\org\mybatis\mybatis-spring\2.0.2\mybatis-spring-2.0.2.jar;D:\IDEA\my-idea-repository\org\springframework\boot\spring-boot-starter-jdbc\2.1.8.RELEASE\spring-boot-starter-jdbc-2.1.8.RELEASE.jar;D:\IDEA\my-idea-repository\com\zaxxer\HikariCP\3.2.0\HikariCP-3.2.0.jar;D:\IDEA\my-idea-repository\org\springframework\spring-jdbc\5.1.9.RELEASE\spring-jdbc-5.1.9.RELEASE.jar;D:\IDEA\my-idea-repository\org\projectlombok\lombok\1.18.8\lombok-1.18.8.jar;D:\IDEA\my-idea-repository\mysql\mysql-connector-java\8.0.17\mysql-connector-java-8.0.17.jar;D:\IDEA\my-idea-repository\javax\validation\validation-api\2.0.1.Final\validation-api-2.0.1.Final.jar;D:\IDEA\my-idea-repository\org\springframework\boot\spring-boot-starter-test\2.1.8.RELEASE\spring-boot-starter-test-2.1.8.RELEASE.jar;D:\IDEA\my-idea-repository\org\springframework\boot\spring-boot-test\2.1.8.RELEASE\spring-boot-test-2.1.8.RELEASE.jar;D:\IDEA\my-idea-repository\org\springframework\boot\spring-boot-test-autoconfigure\2.1.8.RELEASE\spring-boot-test-autoconfigure-2.1.8.RELEASE.jar;D:\IDEA\my-idea-repository\com\jayway\jsonpath\json-path\2.4.0\json-path-2.4.0.jar;D:\IDEA\my-idea-repository\net\minidev\json-smart\2.3\json-smart-2.3.jar;D:\IDEA\my-idea-repository\net\minidev\accessors-smart\1.2\accessors-smart-1.2.jar;D:\IDEA\my-idea-repository\org\ow2\asm\asm\5.0.4\asm-5.0.4.jar;D:\IDEA\my-idea-repository\junit\junit\4.12\junit-4.12.jar;D:\IDEA\my-idea-repository\org\assertj\assertj-core\3.11.1\assertj-core-3.11.1.jar;D:\IDEA\my-idea-repository\org\mockito\mockito-core\2.23.4\mockito-core-2.23.4.jar;D:\IDEA\my-idea-repository\net\bytebuddy\byte-buddy\1.9.16\byte-buddy-1.9.16.jar;D:\IDEA\my-idea-repository\net\bytebuddy\byte-buddy-agent\1.9.16\byte-buddy-agent-1.9.16.jar;D:\IDEA\my-idea-repository\org\objenesis\objenesis\2.6\objenesis-2.6.jar;D:\IDEA\my-idea-repository\org\hamcrest\hamcrest-core\1.3\hamcrest-core-1.3.jar;D:\IDEA\my-idea-repository\org\hamcrest\hamcrest-library\1.3\hamcrest-library-1.3.jar;D:\IDEA\my-idea-repository\org\skyscreamer\jsonassert\1.5.0\jsonassert-1.5.0.jar;D:\IDEA\my-idea-repository\com\vaadin\external\google\android-json\0.0.20131108.vaadin1\android-json-0.0.20131108.vaadin1.jar;D:\IDEA\my-idea-repository\org\springframework\spring-core\5.1.9.RELEASE\spring-core-5.1.9.RELEASE.jar;D:\IDEA\my-idea-repository\org\springframework\spring-jcl\5.1.9.RELEASE\spring-jcl-5.1.9.RELEASE.jar;D:\IDEA\my-idea-repository\org\springframework\spring-test\5.1.9.RELEASE\spring-test-5.1.9.RELEASE.jar;D:\IDEA\my-idea-repository\org\xmlunit\xmlunit-core\2.6.3\xmlunit-core-2.6.3.jar;D:\IDEA\my-idea-repository\org\springframework\boot\spring-boot-starter-amqp\2.1.8.RELEASE\spring-boot-starter-amqp-2.1.8.RELEASE.jar;D:\IDEA\my-idea-repository\org\springframework\spring-messaging\5.1.9.RELEASE\spring-messaging-5.1.9.RELEASE.jar;D:\IDEA\my-idea-repository\org\springframework\amqp\spring-rabbit\2.1.8.RELEASE\spring-rabbit-2.1.8.RELEASE.jar;D:\IDEA\my-idea-repository\org\springframework\amqp\spring-amqp\2.1.8.RELEASE\spring-amqp-2.1.8.RELEASE.jar;D:\IDEA\my-idea-repository\org\springframework\retry\spring-retry\1.2.4.RELEASE\spring-retry-1.2.4.RELEASE.jar;D:\IDEA\my-idea-repository\com\rabbitmq\amqp-client\5.4.3\amqp-client-5.4.3.jar;D:\IDEA\my-idea-repository\org\springframework\spring-tx\5.1.9.RELEASE\spring-tx-5.1.9.RELEASE.jar;"/>
    <property name="java.vm.vendor" value="Oracle Corporation"/>
    <property name="sun.arch.data.model" value="64"/>
    <property name="user.variant" value=""/>
    <property name="java.vendor.url" value="http://java.oracle.com/"/>
    <property name="user.timezone" value="Asia/Shanghai"/>
    <property name="java.vm.specification.version" value="1.8"/>
    <property name="os.name" value="Windows 10"/>
    <property name="user.country" value="CN"/>
    <property name="sun.java.launcher" value="SUN_STANDARD"/>
    <property name="sun.boot.library.path" value="D:\Java\jre\bin"/>
    <property name="sun.java.command" value="C:\Users\JAVA\AppData\Local\Temp\surefire3074727425547935176\surefirebooter5451383883096650931.jar C:\Users\JAVA\AppData\Local\Temp\surefire3074727425547935176 2025-01-08T23-20-10_981-jvmRun1 surefire5651974125244052150tmp surefire_4673278983960527633tmp"/>
    <property name="surefire.test.class.path" value="D:\A-millet\millet-ware\target\test-classes;D:\A-millet\millet-ware\target\classes;D:\IDEA\my-idea-repository\org\springframework\boot\spring-boot-starter-web\2.1.8.RELEASE\spring-boot-starter-web-2.1.8.RELEASE.jar;D:\IDEA\my-idea-repository\org\springframework\boot\spring-boot-starter\2.1.8.RELEASE\spring-boot-starter-2.1.8.RELEASE.jar;D:\IDEA\my-idea-repository\org\springframework\boot\spring-boot\2.1.8.RELEASE\spring-boot-2.1.8.RELEASE.jar;D:\IDEA\my-idea-repository\org\springframework\boot\spring-boot-autoconfigure\2.1.8.RELEASE\spring-boot-autoconfigure-2.1.8.RELEASE.jar;D:\IDEA\my-idea-repository\org\springframework\boot\spring-boot-starter-logging\2.1.8.RELEASE\spring-boot-starter-logging-2.1.8.RELEASE.jar;D:\IDEA\my-idea-repository\ch\qos\logback\logback-classic\1.2.3\logback-classic-1.2.3.jar;D:\IDEA\my-idea-repository\ch\qos\logback\logback-core\1.2.3\logback-core-1.2.3.jar;D:\IDEA\my-idea-repository\org\apache\logging\log4j\log4j-to-slf4j\2.11.2\log4j-to-slf4j-2.11.2.jar;D:\IDEA\my-idea-repository\org\apache\logging\log4j\log4j-api\2.11.2\log4j-api-2.11.2.jar;D:\IDEA\my-idea-repository\org\slf4j\jul-to-slf4j\1.7.28\jul-to-slf4j-1.7.28.jar;D:\IDEA\my-idea-repository\javax\annotation\javax.annotation-api\1.3.2\javax.annotation-api-1.3.2.jar;D:\IDEA\my-idea-repository\org\yaml\snakeyaml\1.23\snakeyaml-1.23.jar;D:\IDEA\my-idea-repository\org\springframework\boot\spring-boot-starter-json\2.1.8.RELEASE\spring-boot-starter-json-2.1.8.RELEASE.jar;D:\IDEA\my-idea-repository\com\fasterxml\jackson\core\jackson-databind\2.9.9.3\jackson-databind-2.9.9.3.jar;D:\IDEA\my-idea-repository\com\fasterxml\jackson\core\jackson-annotations\2.9.0\jackson-annotations-2.9.0.jar;D:\IDEA\my-idea-repository\com\fasterxml\jackson\core\jackson-core\2.9.9\jackson-core-2.9.9.jar;D:\IDEA\my-idea-repository\com\fasterxml\jackson\datatype\jackson-datatype-jdk8\2.9.9\jackson-datatype-jdk8-2.9.9.jar;D:\IDEA\my-idea-repository\com\fasterxml\jackson\datatype\jackson-datatype-jsr310\2.9.9\jackson-datatype-jsr310-2.9.9.jar;D:\IDEA\my-idea-repository\com\fasterxml\jackson\module\jackson-module-parameter-names\2.9.9\jackson-module-parameter-names-2.9.9.jar;D:\IDEA\my-idea-repository\org\springframework\boot\spring-boot-starter-tomcat\2.1.8.RELEASE\spring-boot-starter-tomcat-2.1.8.RELEASE.jar;D:\IDEA\my-idea-repository\org\apache\tomcat\embed\tomcat-embed-core\9.0.24\tomcat-embed-core-9.0.24.jar;D:\IDEA\my-idea-repository\org\apache\tomcat\embed\tomcat-embed-el\9.0.24\tomcat-embed-el-9.0.24.jar;D:\IDEA\my-idea-repository\org\apache\tomcat\embed\tomcat-embed-websocket\9.0.24\tomcat-embed-websocket-9.0.24.jar;D:\IDEA\my-idea-repository\org\hibernate\validator\hibernate-validator\6.0.17.Final\hibernate-validator-6.0.17.Final.jar;D:\IDEA\my-idea-repository\org\jboss\logging\jboss-logging\3.3.3.Final\jboss-logging-3.3.3.Final.jar;D:\IDEA\my-idea-repository\com\fasterxml\classmate\1.4.0\classmate-1.4.0.jar;D:\IDEA\my-idea-repository\org\springframework\spring-web\5.1.9.RELEASE\spring-web-5.1.9.RELEASE.jar;D:\IDEA\my-idea-repository\org\springframework\spring-beans\5.1.9.RELEASE\spring-beans-5.1.9.RELEASE.jar;D:\IDEA\my-idea-repository\org\springframework\spring-webmvc\5.1.9.RELEASE\spring-webmvc-5.1.9.RELEASE.jar;D:\IDEA\my-idea-repository\org\springframework\spring-aop\5.1.9.RELEASE\spring-aop-5.1.9.RELEASE.jar;D:\IDEA\my-idea-repository\org\springframework\spring-context\5.1.9.RELEASE\spring-context-5.1.9.RELEASE.jar;D:\IDEA\my-idea-repository\org\springframework\spring-expression\5.1.9.RELEASE\spring-expression-5.1.9.RELEASE.jar;D:\IDEA\my-idea-repository\org\springframework\cloud\spring-cloud-starter-openfeign\2.1.3.RELEASE\spring-cloud-starter-openfeign-2.1.3.RELEASE.jar;D:\IDEA\my-idea-repository\org\springframework\cloud\spring-cloud-starter\2.1.3.RELEASE\spring-cloud-starter-2.1.3.RELEASE.jar;D:\IDEA\my-idea-repository\org\springframework\cloud\spring-cloud-context\2.1.3.RELEASE\spring-cloud-context-2.1.3.RELEASE.jar;D:\IDEA\my-idea-repository\org\springframework\security\spring-security-rsa\1.0.7.RELEASE\spring-security-rsa-1.0.7.RELEASE.jar;D:\IDEA\my-idea-repository\org\bouncycastle\bcpkix-jdk15on\1.60\bcpkix-jdk15on-1.60.jar;D:\IDEA\my-idea-repository\org\bouncycastle\bcprov-jdk15on\1.60\bcprov-jdk15on-1.60.jar;D:\IDEA\my-idea-repository\org\springframework\cloud\spring-cloud-openfeign-core\2.1.3.RELEASE\spring-cloud-openfeign-core-2.1.3.RELEASE.jar;D:\IDEA\my-idea-repository\org\springframework\cloud\spring-cloud-netflix-ribbon\2.1.3.RELEASE\spring-cloud-netflix-ribbon-2.1.3.RELEASE.jar;D:\IDEA\my-idea-repository\org\springframework\cloud\spring-cloud-netflix-archaius\2.1.3.RELEASE\spring-cloud-netflix-archaius-2.1.3.RELEASE.jar;D:\IDEA\my-idea-repository\org\springframework\boot\spring-boot-starter-aop\2.1.8.RELEASE\spring-boot-starter-aop-2.1.8.RELEASE.jar;D:\IDEA\my-idea-repository\org\aspectj\aspectjweaver\1.9.4\aspectjweaver-1.9.4.jar;D:\IDEA\my-idea-repository\io\github\openfeign\form\feign-form-spring\3.8.0\feign-form-spring-3.8.0.jar;D:\IDEA\my-idea-repository\io\github\openfeign\form\feign-form\3.8.0\feign-form-3.8.0.jar;D:\IDEA\my-idea-repository\commons-fileupload\commons-fileupload\1.4\commons-fileupload-1.4.jar;D:\IDEA\my-idea-repository\commons-io\commons-io\2.2\commons-io-2.2.jar;D:\IDEA\my-idea-repository\org\springframework\cloud\spring-cloud-commons\2.1.3.RELEASE\spring-cloud-commons-2.1.3.RELEASE.jar;D:\IDEA\my-idea-repository\org\springframework\security\spring-security-crypto\5.1.6.RELEASE\spring-security-crypto-5.1.6.RELEASE.jar;D:\IDEA\my-idea-repository\io\github\openfeign\feign-core\10.2.3\feign-core-10.2.3.jar;D:\IDEA\my-idea-repository\io\github\openfeign\feign-slf4j\10.2.3\feign-slf4j-10.2.3.jar;D:\IDEA\my-idea-repository\org\slf4j\slf4j-api\1.7.28\slf4j-api-1.7.28.jar;D:\IDEA\my-idea-repository\io\github\openfeign\feign-hystrix\10.2.3\feign-hystrix-10.2.3.jar;D:\IDEA\my-idea-repository\com\netflix\archaius\archaius-core\0.7.6\archaius-core-0.7.6.jar;D:\IDEA\my-idea-repository\com\google\code\findbugs\jsr305\3.0.1\jsr305-3.0.1.jar;D:\IDEA\my-idea-repository\commons-configuration\commons-configuration\1.8\commons-configuration-1.8.jar;D:\IDEA\my-idea-repository\com\google\guava\guava\16.0\guava-16.0.jar;D:\IDEA\my-idea-repository\com\netflix\hystrix\hystrix-core\1.5.18\hystrix-core-1.5.18.jar;D:\IDEA\my-idea-repository\io\reactivex\rxjava\1.3.8\rxjava-1.3.8.jar;D:\IDEA\my-idea-repository\org\hdrhistogram\HdrHistogram\2.1.9\HdrHistogram-2.1.9.jar;D:\IDEA\my-idea-repository\com\milletmall\millet-common\0.0.1-SNAPSHOT\millet-common-0.0.1-SNAPSHOT.jar;D:\IDEA\my-idea-repository\org\springframework\boot\spring-boot-starter-actuator\2.1.8.RELEASE\spring-boot-starter-actuator-2.1.8.RELEASE.jar;D:\IDEA\my-idea-repository\org\springframework\boot\spring-boot-actuator-autoconfigure\2.1.8.RELEASE\spring-boot-actuator-autoconfigure-2.1.8.RELEASE.jar;D:\IDEA\my-idea-repository\org\springframework\boot\spring-boot-actuator\2.1.8.RELEASE\spring-boot-actuator-2.1.8.RELEASE.jar;D:\IDEA\my-idea-repository\io\micrometer\micrometer-core\1.1.6\micrometer-core-1.1.6.jar;D:\IDEA\my-idea-repository\org\latencyutils\LatencyUtils\2.0.3\LatencyUtils-2.0.3.jar;D:\IDEA\my-idea-repository\com\alibaba\fastjson\1.2.72\fastjson-1.2.72.jar;D:\IDEA\my-idea-repository\org\apache\httpcomponents\httpclient\4.5.9\httpclient-4.5.9.jar;D:\IDEA\my-idea-repository\commons-codec\commons-codec\1.11\commons-codec-1.11.jar;D:\IDEA\my-idea-repository\org\apache\httpcomponents\httpcore\4.4.12\httpcore-4.4.12.jar;D:\IDEA\my-idea-repository\commons-lang\commons-lang\2.6\commons-lang-2.6.jar;D:\IDEA\my-idea-repository\org\eclipse\jetty\jetty-util\9.4.19.v20190610\jetty-util-9.4.19.v20190610.jar;D:\IDEA\my-idea-repository\com\baomidou\mybatis-plus-boot-starter\3.2.0\mybatis-plus-boot-starter-3.2.0.jar;D:\IDEA\my-idea-repository\com\baomidou\mybatis-plus\3.2.0\mybatis-plus-3.2.0.jar;D:\IDEA\my-idea-repository\com\baomidou\mybatis-plus-extension\3.2.0\mybatis-plus-extension-3.2.0.jar;D:\IDEA\my-idea-repository\com\baomidou\mybatis-plus-core\3.2.0\mybatis-plus-core-3.2.0.jar;D:\IDEA\my-idea-repository\com\baomidou\mybatis-plus-annotation\3.2.0\mybatis-plus-annotation-3.2.0.jar;D:\IDEA\my-idea-repository\com\github\jsqlparser\jsqlparser\2.1\jsqlparser-2.1.jar;D:\IDEA\my-idea-repository\org\mybatis\mybatis\3.5.2\mybatis-3.5.2.jar;D:\IDEA\my-idea-repository\org\mybatis\mybatis-spring\2.0.2\mybatis-spring-2.0.2.jar;D:\IDEA\my-idea-repository\org\springframework\boot\spring-boot-starter-jdbc\2.1.8.RELEASE\spring-boot-starter-jdbc-2.1.8.RELEASE.jar;D:\IDEA\my-idea-repository\com\zaxxer\HikariCP\3.2.0\HikariCP-3.2.0.jar;D:\IDEA\my-idea-repository\org\springframework\spring-jdbc\5.1.9.RELEASE\spring-jdbc-5.1.9.RELEASE.jar;D:\IDEA\my-idea-repository\org\projectlombok\lombok\1.18.8\lombok-1.18.8.jar;D:\IDEA\my-idea-repository\mysql\mysql-connector-java\8.0.17\mysql-connector-java-8.0.17.jar;D:\IDEA\my-idea-repository\javax\validation\validation-api\2.0.1.Final\validation-api-2.0.1.Final.jar;D:\IDEA\my-idea-repository\org\springframework\boot\spring-boot-starter-test\2.1.8.RELEASE\spring-boot-starter-test-2.1.8.RELEASE.jar;D:\IDEA\my-idea-repository\org\springframework\boot\spring-boot-test\2.1.8.RELEASE\spring-boot-test-2.1.8.RELEASE.jar;D:\IDEA\my-idea-repository\org\springframework\boot\spring-boot-test-autoconfigure\2.1.8.RELEASE\spring-boot-test-autoconfigure-2.1.8.RELEASE.jar;D:\IDEA\my-idea-repository\com\jayway\jsonpath\json-path\2.4.0\json-path-2.4.0.jar;D:\IDEA\my-idea-repository\net\minidev\json-smart\2.3\json-smart-2.3.jar;D:\IDEA\my-idea-repository\net\minidev\accessors-smart\1.2\accessors-smart-1.2.jar;D:\IDEA\my-idea-repository\org\ow2\asm\asm\5.0.4\asm-5.0.4.jar;D:\IDEA\my-idea-repository\junit\junit\4.12\junit-4.12.jar;D:\IDEA\my-idea-repository\org\assertj\assertj-core\3.11.1\assertj-core-3.11.1.jar;D:\IDEA\my-idea-repository\org\mockito\mockito-core\2.23.4\mockito-core-2.23.4.jar;D:\IDEA\my-idea-repository\net\bytebuddy\byte-buddy\1.9.16\byte-buddy-1.9.16.jar;D:\IDEA\my-idea-repository\net\bytebuddy\byte-buddy-agent\1.9.16\byte-buddy-agent-1.9.16.jar;D:\IDEA\my-idea-repository\org\objenesis\objenesis\2.6\objenesis-2.6.jar;D:\IDEA\my-idea-repository\org\hamcrest\hamcrest-core\1.3\hamcrest-core-1.3.jar;D:\IDEA\my-idea-repository\org\hamcrest\hamcrest-library\1.3\hamcrest-library-1.3.jar;D:\IDEA\my-idea-repository\org\skyscreamer\jsonassert\1.5.0\jsonassert-1.5.0.jar;D:\IDEA\my-idea-repository\com\vaadin\external\google\android-json\0.0.20131108.vaadin1\android-json-0.0.20131108.vaadin1.jar;D:\IDEA\my-idea-repository\org\springframework\spring-core\5.1.9.RELEASE\spring-core-5.1.9.RELEASE.jar;D:\IDEA\my-idea-repository\org\springframework\spring-jcl\5.1.9.RELEASE\spring-jcl-5.1.9.RELEASE.jar;D:\IDEA\my-idea-repository\org\springframework\spring-test\5.1.9.RELEASE\spring-test-5.1.9.RELEASE.jar;D:\IDEA\my-idea-repository\org\xmlunit\xmlunit-core\2.6.3\xmlunit-core-2.6.3.jar;D:\IDEA\my-idea-repository\org\springframework\boot\spring-boot-starter-amqp\2.1.8.RELEASE\spring-boot-starter-amqp-2.1.8.RELEASE.jar;D:\IDEA\my-idea-repository\org\springframework\spring-messaging\5.1.9.RELEASE\spring-messaging-5.1.9.RELEASE.jar;D:\IDEA\my-idea-repository\org\springframework\amqp\spring-rabbit\2.1.8.RELEASE\spring-rabbit-2.1.8.RELEASE.jar;D:\IDEA\my-idea-repository\org\springframework\amqp\spring-amqp\2.1.8.RELEASE\spring-amqp-2.1.8.RELEASE.jar;D:\IDEA\my-idea-repository\org\springframework\retry\spring-retry\1.2.4.RELEASE\spring-retry-1.2.4.RELEASE.jar;D:\IDEA\my-idea-repository\com\rabbitmq\amqp-client\5.4.3\amqp-client-5.4.3.jar;D:\IDEA\my-idea-repository\org\springframework\spring-tx\5.1.9.RELEASE\spring-tx-5.1.9.RELEASE.jar;"/>
    <property name="sun.cpu.endian" value="little"/>
    <property name="user.home" value="C:\Users\JAVA"/>
    <property name="user.language" value="zh"/>
    <property name="java.specification.vendor" value="Oracle Corporation"/>
    <property name="java.home" value="D:\Java\jre"/>
    <property name="basedir" value="D:\A-millet\millet-ware"/>
    <property name="file.separator" value="\"/>
    <property name="line.separator" value="&#10;"/>
    <property name="java.vm.specification.vendor" value="Oracle Corporation"/>
    <property name="java.specification.name" value="Java Platform API Specification"/>
    <property name="java.awt.graphicsenv" value="sun.awt.Win32GraphicsEnvironment"/>
    <property name="surefire.real.class.path" value="C:\Users\JAVA\AppData\Local\Temp\surefire3074727425547935176\surefirebooter5451383883096650931.jar"/>
    <property name="sun.boot.class.path" value="D:\Java\jre\lib\resources.jar;D:\Java\jre\lib\rt.jar;D:\Java\jre\lib\jsse.jar;D:\Java\jre\lib\jce.jar;D:\Java\jre\lib\charsets.jar;D:\Java\jre\lib\jfr.jar;D:\Java\jre\classes"/>
    <property name="user.script" value=""/>
    <property name="sun.management.compiler" value="HotSpot 64-Bit Tiered Compilers"/>
    <property name="java.runtime.version" value="1.8.0_411-b09"/>
    <property name="user.name" value="JAVA"/>
    <property name="path.separator" value=";"/>
    <property name="os.version" value="10.0"/>
    <property name="java.endorsed.dirs" value="D:\Java\jre\lib\endorsed"/>
    <property name="java.runtime.name" value="Java(TM) SE Runtime Environment"/>
    <property name="file.encoding" value="GBK"/>
    <property name="java.vm.name" value="Java HotSpot(TM) 64-Bit Server VM"/>
    <property name="localRepository" value="D:\IDEA\my-idea-repository"/>
    <property name="java.vendor.url.bug" value="http://bugreport.sun.com/bugreport/"/>
    <property name="java.io.tmpdir" value="C:\Users\JAVA\AppData\Local\Temp\"/>
    <property name="idea.version" value="2024.1.3"/>
    <property name="java.version" value="1.8.0_411"/>
    <property name="user.dir" value="D:\A-millet\millet-ware"/>
    <property name="os.arch" value="amd64"/>
    <property name="java.vm.specification.name" value="Java Virtual Machine Specification"/>
    <property name="java.awt.printerjob" value="sun.awt.windows.WPrinterJob"/>
    <property name="sun.os.patch.level" value=""/>
    <property name="java.library.path" value="D:\Java\jre\bin;C:\Windows\Sun\Java\bin;C:\Windows\system32;C:\Windows;C:\Users\JAVA\AppData\Local\Yarn\bin;D:\Python;C:\Windows\system32;C:\Windows;C:\Windows\System32\Wbem;C:\Windows\System32\WindowsPowerShell\v1.0\;C:\Windows\System32\OpenSSH\;C:\Program Files\dotnet\;D:\Java\bin;D:\Git\cmd;C:\Program Files\NVIDIA Corporation\NVIDIA app\NvDLISR;D:\Python\Scripts;D:\Python32;D:\docker\Docker\resources\bin;C:\Program Files\Docker\Docker\resources\bin;D:\nvm;D:\NVM\nodejs;D:\nvm\node_global;D:\Xshell\;D:\微信web开发者工具\dll;D:\SoftWare\ffmpeg-master-latest-win64-gpl-shared\bin;D:\apache-maven-3.8.8\bin;D:\MySQL\MySQL Shell 8.0\bin\;C:\Users\JAVA\AppData\Local\Microsoft\WindowsApps;D:\Microsoft VS Code\bin;D:\PyCharm Community Edition 2024.3\bin;;D:\nvm;D:\NVM\nodejs;D:\SoftWare\;."/>
    <property name="java.vm.info" value="mixed mode"/>
    <property name="java.vendor" value="Oracle Corporation"/>
    <property name="java.vm.version" value="25.411-b09"/>
    <property name="java.specification.maintenance.version" value="5"/>
    <property name="java.ext.dirs" value="D:\Java\jre\lib\ext;C:\Windows\Sun\Java\lib\ext"/>
    <property name="sun.io.unicode.encoding" value="UnicodeLittle"/>
    <property name="maven.repo.local" value="D:\IDEA\my-idea-repository"/>
    <property name="java.class.version" value="52.0"/>
  </properties>
  <testcase name="contextLoads" classname="com.milletmall.milletware.MilletWareApplicationTests" time="0.001"/>
</testsuite>